[23:38:19,435] [INFO] [SQLiteLogger] - creating new host
[23:38:19,453] [INFO] [SQLiteLogger] - creating new host
[23:38:19,471] [INFO] [SQLiteLogger] - creating new host
[23:38:19,489] [INFO] [SQLiteLogger] - creating new host
[23:38:19,507] [INFO] [SQLiteLogger] - creating new host
[23:38:19,525] [INFO] [SQLiteLogger] - creating new host
[23:38:19,543] [INFO] [SQLiteLogger] - creating new host
[23:38:19,567] [INFO] [SQLiteLogger] - creating new host
[23:38:19,585] [INFO] [SQLiteLogger] - creating new host
[23:38:19,603] [INFO] [SQLiteLogger] - creating new host
[23:38:19,620] [INFO] [SQLiteLogger] - creating new host
[23:38:19,644] [INFO] [SQLiteLogger] - creating new host
[23:38:19,662] [INFO] [SQLiteLogger] - creating new host
[23:38:19,680] [INFO] [SQLiteLogger] - creating new host
[23:38:19,698] [INFO] [SQLiteLogger] - creating new host
[23:38:19,716] [INFO] [SQLiteLogger] - creating new host
[23:38:19,734] [INFO] [SQLiteLogger] - creating new host
[23:38:19,752] [INFO] [SQLiteLogger] - creating new host
[23:38:25,252] [INFO] [SQLiteLogger] - creating new experiment
[23:38:25,276] [INFO] [Initializer] - New experiment ID: 999
[23:38:25,276] [INFO] [SQLiteLogger] - creating new host
[23:38:25,300] [INFO] [SQLiteLogger] - creating new host
[23:38:25,318] [INFO] [SQLiteLogger] - creating new host
[23:38:25,342] [INFO] [SQLiteLogger] - creating new host
[23:38:25,360] [INFO] [SQLiteLogger] - creating new host
[23:38:25,384] [INFO] [SQLiteLogger] - creating new host
[23:38:25,408] [INFO] [SQLiteLogger] - creating new host
[23:38:25,426] [INFO] [SQLiteLogger] - creating new host
[23:38:25,444] [INFO] [SQLiteLogger] - creating new host
[23:38:25,468] [INFO] [SQLiteLogger] - creating new host
[23:38:25,486] [INFO] [SQLiteLogger] - creating new host
[23:38:25,510] [INFO] [SQLiteLogger] - creating new host
[23:38:25,528] [INFO] [SQLiteLogger] - creating new host
[23:38:25,552] [INFO] [SQLiteLogger] - creating new host
[23:38:25,569] [INFO] [SQLiteLogger] - creating new host
[23:38:25,587] [INFO] [SQLiteLogger] - creating new host
[23:38:25,611] [INFO] [SQLiteLogger] - creating new host
[23:38:25,635] [INFO] [SQLiteLogger] - creating new host
[23:38:25,653] [INFO] [SQLiteLogger] - creating new host
[23:38:25,671] [INFO] [SQLiteLogger] - creating new host
[23:38:25,695] [INFO] [SQLiteLogger] - creating new host
[23:38:25,719] [INFO] [SQLiteLogger] - creating new host
[23:38:25,737] [INFO] [SQLiteLogger] - creating new host
[23:38:25,755] [INFO] [SQLiteLogger] - creating new host
[23:38:31,052] [INFO] [SQLiteLogger] - creating new experiment
[23:38:31,076] [INFO] [Initializer] - New experiment ID: 1000
[23:38:31,076] [INFO] [SQLiteLogger] - creating new host
[23:38:31,100] [INFO] [SQLiteLogger] - creating new host
[23:38:31,123] [INFO] [SQLiteLogger] - creating new host
[23:38:31,147] [INFO] [SQLiteLogger] - creating new host
[23:38:31,171] [INFO] [SQLiteLogger] - creating new host
[23:38:31,195] [INFO] [SQLiteLogger] - creating new host
[23:38:31,219] [INFO] [SQLiteLogger] - creating new host
[23:38:31,243] [INFO] [SQLiteLogger] - creating new host
[23:38:31,261] [INFO] [SQLiteLogger] - creating new host
[23:38:31,279] [INFO] [SQLiteLogger] - creating new host
[23:38:31,297] [INFO] [SQLiteLogger] - creating new host
[23:38:31,315] [INFO] [SQLiteLogger] - creating new host
[23:38:31,333] [INFO] [SQLiteLogger] - creating new host
[23:38:31,357] [INFO] [SQLiteLogger] - creating new host
[23:38:31,375] [INFO] [SQLiteLogger] - creating new host
[23:38:31,399] [INFO] [SQLiteLogger] - creating new host
[23:38:31,423] [INFO] [SQLiteLogger] - creating new host
[23:38:31,447] [INFO] [SQLiteLogger] - creating new host
[23:38:31,465] [INFO] [SQLiteLogger] - creating new host
[23:38:31,489] [INFO] [SQLiteLogger] - creating new host
[23:38:31,513] [INFO] [SQLiteLogger] - creating new host
[23:38:31,530] [INFO] [SQLiteLogger] - creating new host
[23:38:31,548] [INFO] [SQLiteLogger] - creating new host
[23:38:31,566] [INFO] [SQLiteLogger] - creating new host
[23:38:36,845] [INFO] [SQLiteLogger] - creating new experiment
[23:38:36,869] [INFO] [Initializer] - New experiment ID: 1001
[23:38:36,869] [INFO] [SQLiteLogger] - creating new host
[23:38:36,893] [INFO] [SQLiteLogger] - creating new host
[23:38:36,917] [INFO] [SQLiteLogger] - creating new host
[23:38:36,941] [INFO] [SQLiteLogger] - creating new host
[23:38:36,965] [INFO] [SQLiteLogger] - creating new host
[23:38:36,989] [INFO] [SQLiteLogger] - creating new host
[23:38:37,007] [INFO] [SQLiteLogger] - creating new host
[23:38:37,025] [INFO] [SQLiteLogger] - creating new host
[23:38:37,043] [INFO] [SQLiteLogger] - creating new host
[23:38:37,067] [INFO] [SQLiteLogger] - creating new host
[23:38:37,091] [INFO] [SQLiteLogger] - creating new host
[23:38:37,108] [INFO] [SQLiteLogger] - creating new host
[23:38:37,126] [INFO] [SQLiteLogger] - creating new host
[23:38:37,150] [INFO] [SQLiteLogger] - creating new host
[23:38:37,174] [INFO] [SQLiteLogger] - creating new host
[23:38:37,198] [INFO] [SQLiteLogger] - creating new host
[23:38:37,216] [INFO] [SQLiteLogger] - creating new host
[23:38:37,234] [INFO] [SQLiteLogger] - creating new host
[23:38:37,258] [INFO] [SQLiteLogger] - creating new host
[23:38:37,282] [INFO] [SQLiteLogger] - creating new host
[23:38:37,300] [INFO] [SQLiteLogger] - creating new host
[23:38:37,318] [INFO] [SQLiteLogger] - creating new host
[23:38:37,336] [INFO] [SQLiteLogger] - creating new host
[23:38:37,354] [INFO] [SQLiteLogger] - creating new host
[23:38:42,920] [INFO] [SQLiteLogger] - creating new experiment
[23:38:42,944] [INFO] [Initializer] - New experiment ID: 1002
[23:38:42,944] [INFO] [SQLiteLogger] - creating new host
[23:38:42,968] [INFO] [SQLiteLogger] - creating new host
[23:38:42,992] [INFO] [SQLiteLogger] - creating new host
[23:38:43,016] [INFO] [SQLiteLogger] - creating new host
[23:38:43,033] [INFO] [SQLiteLogger] - creating new host
[23:38:43,057] [INFO] [SQLiteLogger] - creating new host
[23:38:43,081] [INFO] [SQLiteLogger] - creating new host
[23:38:43,099] [INFO] [SQLiteLogger] - creating new host
[23:38:43,117] [INFO] [SQLiteLogger] - creating new host
[23:38:43,135] [INFO] [SQLiteLogger] - creating new host
[23:38:43,153] [INFO] [SQLiteLogger] - creating new host
[23:38:43,171] [INFO] [SQLiteLogger] - creating new host
[23:38:43,189] [INFO] [SQLiteLogger] - creating new host
[23:38:43,213] [INFO] [SQLiteLogger] - creating new host
[23:38:43,237] [INFO] [SQLiteLogger] - creating new host
[23:38:43,255] [INFO] [SQLiteLogger] - creating new host
[23:38:43,273] [INFO] [SQLiteLogger] - creating new host
[23:38:43,291] [INFO] [SQLiteLogger] - creating new host
[23:38:43,309] [INFO] [SQLiteLogger] - creating new host
[23:38:43,327] [INFO] [SQLiteLogger] - creating new host
[23:38:43,345] [INFO] [SQLiteLogger] - creating new host
[23:38:43,363] [INFO] [SQLiteLogger] - creating new host
[23:38:43,381] [INFO] [SQLiteLogger] - creating new host
[23:38:43,399] [INFO] [SQLiteLogger] - creating new host
[23:38:48,683] [INFO] [SQLiteLogger] - creating new experiment
[23:38:48,701] [INFO] [Initializer] - New experiment ID: 1003
[23:38:48,701] [INFO] [SQLiteLogger] - creating new host
[23:38:48,719] [INFO] [SQLiteLogger] - creating new host
[23:38:48,737] [INFO] [SQLiteLogger] - creating new host
[23:38:48,755] [INFO] [SQLiteLogger] - creating new host
[23:38:48,773] [INFO] [SQLiteLogger] - creating new host
[23:38:48,791] [INFO] [SQLiteLogger] - creating new host
[23:38:48,809] [INFO] [SQLiteLogger] - creating new host
[23:38:48,827] [INFO] [SQLiteLogger] - creating new host
[23:38:48,845] [INFO] [SQLiteLogger] - creating new host
[23:38:48,869] [INFO] [SQLiteLogger] - creating new host
[23:38:48,887] [INFO] [SQLiteLogger] - creating new host
[23:38:48,905] [INFO] [SQLiteLogger] - creating new host
[23:38:48,923] [INFO] [SQLiteLogger] - creating new host
[23:38:48,941] [INFO] [SQLiteLogger] - creating new host
[23:38:48,959] [INFO] [SQLiteLogger] - creating new host
[23:38:48,977] [INFO] [SQLiteLogger] - creating new host
[23:38:48,995] [INFO] [SQLiteLogger] - creating new host
[23:38:49,012] [INFO] [SQLiteLogger] - creating new host
[23:38:49,030] [INFO] [SQLiteLogger] - creating new host
[23:38:49,048] [INFO] [SQLiteLogger] - creating new host
[23:38:49,066] [INFO] [SQLiteLogger] - creating new host
[23:38:49,084] [INFO] [SQLiteLogger] - creating new host
[23:38:49,102] [INFO] [SQLiteLogger] - creating new host
[23:38:49,120] [INFO] [SQLiteLogger] - creating new host
[23:38:53,585] [INFO] [SQLiteLogger] - creating new experiment
[23:38:53,609] [INFO] [Initializer] - New experiment ID: 1004
[23:38:53,609] [INFO] [SQLiteLogger] - creating new host
[23:38:53,633] [INFO] [SQLiteLogger] - creating new host
[23:38:53,657] [INFO] [SQLiteLogger] - creating new host
[23:38:53,681] [INFO] [SQLiteLogger] - creating new host
[23:38:53,699] [INFO] [SQLiteLogger] - creating new host
[23:38:53,723] [INFO] [SQLiteLogger] - creating new host
[23:38:53,746] [INFO] [SQLiteLogger] - creating new host
[23:38:53,764] [INFO] [SQLiteLogger] - creating new host
[23:38:53,782] [INFO] [SQLiteLogger] - creating new host
[23:38:53,800] [INFO] [SQLiteLogger] - creating new host
[23:38:53,824] [INFO] [SQLiteLogger] - creating new host
[23:38:53,848] [INFO] [SQLiteLogger] - creating new host
[23:38:53,872] [INFO] [SQLiteLogger] - creating new host
[23:38:53,896] [INFO] [SQLiteLogger] - creating new host
[23:38:53,920] [INFO] [SQLiteLogger] - creating new host
[23:38:53,938] [INFO] [SQLiteLogger] - creating new host
[23:38:53,956] [INFO] [SQLiteLogger] - creating new host
[23:38:53,974] [INFO] [SQLiteLogger] - creating new host
[23:38:53,992] [INFO] [SQLiteLogger] - creating new host
[23:38:54,010] [INFO] [SQLiteLogger] - creating new host
[23:38:54,028] [INFO] [SQLiteLogger] - creating new host
[23:38:54,046] [INFO] [SQLiteLogger] - creating new host
[23:38:54,064] [INFO] [SQLiteLogger] - creating new host
[23:38:54,088] [INFO] [SQLiteLogger] - creating new host
[23:38:58,624] [INFO] [SQLiteLogger] - creating new experiment
[23:38:58,648] [INFO] [Initializer] - New experiment ID: 1005
[23:38:58,648] [INFO] [SQLiteLogger] - creating new host
[23:38:58,672] [INFO] [SQLiteLogger] - creating new host
[23:38:58,696] [INFO] [SQLiteLogger] - creating new host
[23:38:58,714] [INFO] [SQLiteLogger] - creating new host
[23:38:58,738] [INFO] [SQLiteLogger] - creating new host
[23:38:58,762] [INFO] [SQLiteLogger] - creating new host
[23:38:58,780] [INFO] [SQLiteLogger] - creating new host
[23:38:58,798] [INFO] [SQLiteLogger] - creating new host
[23:38:58,816] [INFO] [SQLiteLogger] - creating new host
[23:38:58,840] [INFO] [SQLiteLogger] - creating new host
[23:38:58,858] [INFO] [SQLiteLogger] - creating new host
[23:38:58,876] [INFO] [SQLiteLogger] - creating new host
[23:38:58,900] [INFO] [SQLiteLogger] - creating new host
[23:38:58,923] [INFO] [SQLiteLogger] - creating new host
[23:38:58,947] [INFO] [SQLiteLogger] - creating new host
[23:38:58,971] [INFO] [SQLiteLogger] - creating new host
[23:38:58,995] [INFO] [SQLiteLogger] - creating new host
[23:38:59,013] [INFO] [SQLiteLogger] - creating new host
[23:38:59,031] [INFO] [SQLiteLogger] - creating new host
[23:38:59,049] [INFO] [SQLiteLogger] - creating new host
[23:38:59,067] [INFO] [SQLiteLogger] - creating new host
[23:38:59,091] [INFO] [SQLiteLogger] - creating new host
[23:38:59,109] [INFO] [SQLiteLogger] - creating new host
[23:38:59,127] [INFO] [SQLiteLogger] - creating new host
[23:39:03,843] [INFO] [SQLiteLogger] - creating new experiment
[23:39:03,861] [INFO] [Initializer] - New experiment ID: 1006
[23:39:03,861] [INFO] [SQLiteLogger] - creating new host
[23:39:03,885] [INFO] [SQLiteLogger] - creating new host
[23:39:03,903] [INFO] [SQLiteLogger] - creating new host
[23:39:03,927] [INFO] [SQLiteLogger] - creating new host
[23:39:03,945] [INFO] [SQLiteLogger] - creating new host
[23:39:03,963] [INFO] [SQLiteLogger] - creating new host
[23:39:03,981] [INFO] [SQLiteLogger] - creating new host
[23:39:03,999] [INFO] [SQLiteLogger] - creating new host
[23:39:04,017] [INFO] [SQLiteLogger] - creating new host
[23:39:04,035] [INFO] [SQLiteLogger] - creating new host
[23:39:04,053] [INFO] [SQLiteLogger] - creating new host
[23:39:04,070] [INFO] [SQLiteLogger] - creating new host
[23:39:04,088] [INFO] [SQLiteLogger] - creating new host
[23:39:04,112] [INFO] [SQLiteLogger] - creating new host
[23:39:04,136] [INFO] [SQLiteLogger] - creating new host
[23:39:04,154] [INFO] [SQLiteLogger] - creating new host
[23:39:04,178] [INFO] [SQLiteLogger] - creating new host
[23:39:04,196] [INFO] [SQLiteLogger] - creating new host
[23:39:04,214] [INFO] [SQLiteLogger] - creating new host
[23:39:04,232] [INFO] [SQLiteLogger] - creating new host
[23:39:04,250] [INFO] [SQLiteLogger] - creating new host
[23:39:04,268] [INFO] [SQLiteLogger] - creating new host
[23:39:04,286] [INFO] [SQLiteLogger] - creating new host
[23:39:04,304] [INFO] [SQLiteLogger] - creating new host
[23:39:08,853] [INFO] [SQLiteLogger] - creating new experiment
[23:39:08,876] [INFO] [Initializer] - New experiment ID: 1007
[23:39:08,876] [INFO] [SQLiteLogger] - creating new host
[23:39:08,894] [INFO] [SQLiteLogger] - creating new host
[23:39:08,912] [INFO] [SQLiteLogger] - creating new host
[23:39:08,930] [INFO] [SQLiteLogger] - creating new host
[23:39:08,954] [INFO] [SQLiteLogger] - creating new host
[23:39:08,978] [INFO] [SQLiteLogger] - creating new host
[23:39:09,002] [INFO] [SQLiteLogger] - creating new host
[23:39:09,020] [INFO] [SQLiteLogger] - creating new host
[23:39:09,038] [INFO] [SQLiteLogger] - creating new host
[23:39:09,056] [INFO] [SQLiteLogger] - creating new host
[23:39:09,074] [INFO] [SQLiteLogger] - creating new host
[23:39:09,098] [INFO] [SQLiteLogger] - creating new host
[23:39:09,116] [INFO] [SQLiteLogger] - creating new host
[23:39:09,140] [INFO] [SQLiteLogger] - creating new host
[23:39:09,164] [INFO] [SQLiteLogger] - creating new host
[23:39:09,182] [INFO] [SQLiteLogger] - creating new host
[23:39:09,200] [INFO] [SQLiteLogger] - creating new host
[23:39:09,217] [INFO] [SQLiteLogger] - creating new host
[23:39:09,235] [INFO] [SQLiteLogger] - creating new host
[23:39:09,253] [INFO] [SQLiteLogger] - creating new host
[23:39:09,271] [INFO] [SQLiteLogger] - creating new host
[23:39:09,289] [INFO] [SQLiteLogger] - creating new host
[23:39:09,307] [INFO] [SQLiteLogger] - creating new host
[23:39:09,325] [INFO] [SQLiteLogger] - creating new host
[23:39:13,874] [INFO] [SQLiteLogger] - creating new experiment
[23:39:13,898] [INFO] [Initializer] - New experiment ID: 1008
[23:39:13,898] [INFO] [SQLiteLogger] - creating new host
[23:39:13,922] [INFO] [SQLiteLogger] - creating new host
[23:39:13,940] [INFO] [SQLiteLogger] - creating new host
[23:39:13,963] [INFO] [SQLiteLogger] - creating new host
[23:39:13,981] [INFO] [SQLiteLogger] - creating new host
[23:39:13,999] [INFO] [SQLiteLogger] - creating new host
[23:39:14,017] [INFO] [SQLiteLogger] - creating new host
[23:39:14,035] [INFO] [SQLiteLogger] - creating new host
[23:39:14,053] [INFO] [SQLiteLogger] - creating new host
[23:39:14,071] [INFO] [SQLiteLogger] - creating new host
[23:39:14,089] [INFO] [SQLiteLogger] - creating new host
[23:39:14,107] [INFO] [SQLiteLogger] - creating new host
[23:39:14,125] [INFO] [SQLiteLogger] - creating new host
[23:39:14,143] [INFO] [SQLiteLogger] - creating new host
[23:39:14,161] [INFO] [SQLiteLogger] - creating new host
[23:39:14,185] [INFO] [SQLiteLogger] - creating new host
[23:39:14,203] [INFO] [SQLiteLogger] - creating new host
[23:39:14,221] [INFO] [SQLiteLogger] - creating new host
[23:39:14,239] [INFO] [SQLiteLogger] - creating new host
[23:39:14,257] [INFO] [SQLiteLogger] - creating new host
[23:39:14,275] [INFO] [SQLiteLogger] - creating new host
[23:39:14,293] [INFO] [SQLiteLogger] - creating new host
[23:39:14,311] [INFO] [SQLiteLogger] - creating new host
[23:39:14,329] [INFO] [SQLiteLogger] - creating new host
[23:40:28,357] [INFO] [SQLiteLogger] - creating new experiment
[23:40:28,380] [INFO] [Initializer] - New experiment ID: 1009
[23:40:28,381] [INFO] [SQLiteLogger] - creating new host
[23:40:28,398] [INFO] [SQLiteLogger] - creating new host
[23:40:28,422] [INFO] [SQLiteLogger] - creating new host
[23:40:28,440] [INFO] [SQLiteLogger] - creating new host
[23:40:28,464] [INFO] [SQLiteLogger] - creating new host
[23:40:28,488] [INFO] [SQLiteLogger] - creating new host
[23:40:28,506] [INFO] [SQLiteLogger] - creating new host
[23:40:28,530] [INFO] [SQLiteLogger] - creating new host
[23:40:28,554] [INFO] [SQLiteLogger] - creating new host
[23:40:28,578] [INFO] [SQLiteLogger] - creating new host
[23:40:28,602] [INFO] [SQLiteLogger] - creating new host
[23:40:28,626] [INFO] [SQLiteLogger] - creating new host
[23:40:28,644] [INFO] [SQLiteLogger] - creating new host
[23:40:28,662] [INFO] [SQLiteLogger] - creating new host
[23:40:28,686] [INFO] [SQLiteLogger] - creating new host
[23:40:28,704] [INFO] [SQLiteLogger] - creating new host
[23:40:28,728] [INFO] [SQLiteLogger] - creating new host
[23:40:28,751] [INFO] [SQLiteLogger] - creating new host
[23:40:28,769] [INFO] [SQLiteLogger] - creating new host
[23:40:28,787] [INFO] [SQLiteLogger] - creating new host
[23:40:28,805] [INFO] [SQLiteLogger] - creating new host
[23:40:28,823] [INFO] [SQLiteLogger] - creating new host
[23:40:28,841] [INFO] [SQLiteLogger] - creating new host
[23:40:28,859] [INFO] [SQLiteLogger] - creating new host
[23:41:42,433] [INFO] [SQLiteLogger] - creating new experiment
[23:41:42,456] [INFO] [Initializer] - New experiment ID: 1010
[23:41:42,457] [INFO] [SQLiteLogger] - creating new host
[23:41:42,480] [INFO] [SQLiteLogger] - creating new host
[23:41:42,498] [INFO] [SQLiteLogger] - creating new host
[23:41:42,516] [INFO] [SQLiteLogger] - creating new host
[23:41:42,534] [INFO] [SQLiteLogger] - creating new host
[23:41:42,552] [INFO] [SQLiteLogger] - creating new host
[23:41:42,570] [INFO] [SQLiteLogger] - creating new host
[23:41:42,588] [INFO] [SQLiteLogger] - creating new host
[23:41:42,612] [INFO] [SQLiteLogger] - creating new host
[23:41:42,636] [INFO] [SQLiteLogger] - creating new host
[23:41:42,660] [INFO] [SQLiteLogger] - creating new host
[23:41:42,690] [INFO] [SQLiteLogger] - creating new host
[23:41:42,708] [INFO] [SQLiteLogger] - creating new host
[23:41:42,726] [INFO] [SQLiteLogger] - creating new host
[23:41:42,750] [INFO] [SQLiteLogger] - creating new host
[23:41:42,768] [INFO] [SQLiteLogger] - creating new host
[23:41:42,786] [INFO] [SQLiteLogger] - creating new host
[23:41:42,804] [INFO] [SQLiteLogger] - creating new host
[23:41:42,827] [INFO] [SQLiteLogger] - creating new host
[23:41:42,845] [INFO] [SQLiteLogger] - creating new host
[23:41:42,863] [INFO] [SQLiteLogger] - creating new host
[23:41:42,881] [INFO] [SQLiteLogger] - creating new host
[23:41:42,899] [INFO] [SQLiteLogger] - creating new host
[23:41:42,917] [INFO] [SQLiteLogger] - creating new host
[20:24:45,616] [INFO] [Initializer] - Initializing
[20:24:45,665] [INFO] [SQLiteLogger] - Using database file: ESData.s3db
[20:24:45,689] [INFO] [SQLiteLogger] - Database is now open
[20:24:45,698] [INFO] [SQLiteLogger] - creating new experiment
[20:24:45,717] [INFO] [Initializer] - New experiment ID: 1011
[20:26:11,967] [ERROR] [SQLiteLogger] - table experiment_summary has 8 columns but 9 values were supplied error code: 0 SQL State: null
[20:28:10,104] [INFO] [Initializer] - Initializing
[20:28:10,111] [INFO] [SQLiteLogger] - Using database file: ESData.s3db
[20:28:10,135] [INFO] [SQLiteLogger] - Database is now open
[20:28:10,144] [INFO] [SQLiteLogger] - creating new experiment
[20:28:10,161] [INFO] [Initializer] - New experiment ID: 1012
[20:29:37,507] [ERROR] [SQLiteLogger] - table experiment_summary has 8 columns but 9 values were supplied error code: 0 SQL State: null
[20:32:19,937] [INFO] [Initializer] - Initializing
[20:32:19,944] [INFO] [SQLiteLogger] - Using database file: ESData.s3db
[20:32:19,967] [INFO] [SQLiteLogger] - Database is now open
[20:32:19,976] [INFO] [SQLiteLogger] - creating new experiment
[20:32:19,992] [INFO] [Initializer] - New experiment ID: 1013
[20:32:26,165] [INFO] [Initializer] - Initializing
[20:32:26,173] [INFO] [SQLiteLogger] - Using database file: ESData.s3db
[20:32:26,196] [INFO] [SQLiteLogger] - Database is now open
[20:32:26,204] [INFO] [SQLiteLogger] - creating new experiment
[20:32:26,223] [INFO] [Initializer] - New experiment ID: 1014
[20:33:41,772] [ERROR] [SQLiteLogger] - table experiment_summary has 8 columns but 9 values were supplied error code: 0 SQL State: null
[20:34:25,219] [ERROR] [SQLiteLogger] - table experiment_summary has 8 columns but 9 values were supplied error code: 0 SQL State: null
[20:34:51,120] [ERROR] [SQLiteLogger] - table experiment_summary has 8 columns but 9 values were supplied error code: 0 SQL State: null
[20:35:07,518] [ERROR] [SQLiteLogger] - table experiment_summary has 8 columns but 9 values were supplied error code: 0 SQL State: null
[20:35:19,831] [ERROR] [SQLiteLogger] - table experiment_summary has 8 columns but 9 values were supplied error code: 0 SQL State: null
[20:35:30,166] [ERROR] [SQLiteLogger] - table experiment_summary has 8 columns but 9 values were supplied error code: 0 SQL State: null
[20:35:38,402] [ERROR] [SQLiteLogger] - table experiment_summary has 8 columns but 9 values were supplied error code: 0 SQL State: null
[20:35:45,257] [ERROR] [SQLiteLogger] - table experiment_summary has 8 columns but 9 values were supplied error code: 0 SQL State: null
[20:35:50,649] [ERROR] [SQLiteLogger] - table experiment_summary has 8 columns but 9 values were supplied error code: 0 SQL State: null
[20:35:55,284] [ERROR] [SQLiteLogger] - table experiment_summary has 8 columns but 9 values were supplied error code: 0 SQL State: null
[20:36:09,576] [INFO] [SQLiteLogger] - closing database connection to ESData.s3db
[20:36:09,577] [INFO] [Initializer] - Done
[23:20:16,916] [INFO] [Initializer] - Initializing
[23:20:16,923] [INFO] [SQLiteLogger] - Using database file: ESData.s3db
[23:20:16,945] [INFO] [SQLiteLogger] - Database is now open
[23:20:16,954] [INFO] [SQLiteLogger] - creating new experiment
[23:20:16,971] [INFO] [Initializer] - New experiment ID: 1015
[23:21:33,036] [ERROR] [SQLiteLogger] - table experiment_summary has 8 columns but 9 values were supplied error code: 0 SQL State: null
[23:22:16,569] [ERROR] [SQLiteLogger] - table experiment_summary has 8 columns but 9 values were supplied error code: 0 SQL State: null
[23:22:54,635] [INFO] [Initializer] - Initializing
[23:22:54,643] [INFO] [SQLiteLogger] - Using database file: ESData.s3db
[23:22:54,666] [INFO] [SQLiteLogger] - Database is now open
[23:22:54,674] [INFO] [SQLiteLogger] - creating new experiment
[23:22:54,693] [INFO] [Initializer] - New experiment ID: 1016
[23:23:58,498] [ERROR] [SQLiteLogger] - table experiment_summary has 8 columns but 9 values were supplied error code: 0 SQL State: null
[23:24:35,869] [ERROR] [SQLiteLogger] - table experiment_summary has 8 columns but 9 values were supplied error code: 0 SQL State: null
[23:24:59,508] [ERROR] [SQLiteLogger] - table experiment_summary has 8 columns but 9 values were supplied error code: 0 SQL State: null
[23:25:14,709] [ERROR] [SQLiteLogger] - table experiment_summary has 8 columns but 9 values were supplied error code: 0 SQL State: null
[23:25:26,826] [ERROR] [SQLiteLogger] - table experiment_summary has 8 columns but 9 values were supplied error code: 0 SQL State: null
[23:25:37,304] [ERROR] [SQLiteLogger] - table experiment_summary has 8 columns but 9 values were supplied error code: 0 SQL State: null
[23:25:45,867] [ERROR] [SQLiteLogger] - table experiment_summary has 8 columns but 9 values were supplied error code: 0 SQL State: null
[23:25:53,148] [ERROR] [SQLiteLogger] - table experiment_summary has 8 columns but 9 values were supplied error code: 0 SQL State: null
[23:25:59,054] [ERROR] [SQLiteLogger] - table experiment_summary has 8 columns but 9 values were supplied error code: 0 SQL State: null
[23:26:04,198] [ERROR] [SQLiteLogger] - table experiment_summary has 8 columns but 9 values were supplied error code: 0 SQL State: null
[23:26:30,586] [INFO] [SQLiteLogger] - closing database connection to ESData.s3db
[23:26:30,587] [INFO] [Initializer] - Done
[23:30:03,683] [INFO] [Initializer] - Initializing
[23:30:03,690] [INFO] [SQLiteLogger] - Using database file: ESData.s3db
[23:30:03,713] [INFO] [SQLiteLogger] - Database is now open
[23:30:03,722] [INFO] [SQLiteLogger] - creating new experiment
[23:30:03,743] [INFO] [Initializer] - New experiment ID: 1017
[23:30:07,532] [ERROR] [SQLiteLogger] - table experiment_summary has 8 columns but 9 values were supplied error code: 0 SQL State: null
[23:30:37,946] [ERROR] [SQLiteLogger] - table experiment_summary has 8 columns but 9 values were supplied error code: 0 SQL State: null
[23:30:55,164] [ERROR] [SQLiteLogger] - table experiment_summary has 8 columns but 9 values were supplied error code: 0 SQL State: null
[23:31:05,099] [ERROR] [SQLiteLogger] - table experiment_summary has 8 columns but 9 values were supplied error code: 0 SQL State: null
[23:31:12,430] [ERROR] [SQLiteLogger] - table experiment_summary has 8 columns but 9 values were supplied error code: 0 SQL State: null
[23:31:18,420] [ERROR] [SQLiteLogger] - table experiment_summary has 8 columns but 9 values were supplied error code: 0 SQL State: null
[23:31:23,010] [ERROR] [SQLiteLogger] - table experiment_summary has 8 columns but 9 values were supplied error code: 0 SQL State: null
[23:31:26,834] [ERROR] [SQLiteLogger] - table experiment_summary has 8 columns but 9 values were supplied error code: 0 SQL State: null
[23:31:28,397] [ERROR] [SQLiteLogger] - table experiment_summary has 8 columns but 9 values were supplied error code: 0 SQL State: null
[23:31:30,973] [ERROR] [SQLiteLogger] - table experiment_summary has 8 columns but 9 values were supplied error code: 0 SQL State: null
[23:47:34,016] [INFO] [SQLiteLogger] - closing database connection to ESData.s3db
[23:47:34,017] [INFO] [Initializer] - Done
[23:47:42,375] [INFO] [Initializer] - Initializing
[23:47:42,383] [INFO] [SQLiteLogger] - Using database file: ESData.s3db
[23:47:42,406] [INFO] [SQLiteLogger] - Database is now open
[23:47:42,414] [INFO] [SQLiteLogger] - creating new experiment
[23:47:42,430] [INFO] [Initializer] - New experiment ID: 1018
[23:48:53,332] [ERROR] [SQLiteLogger] - table experiment_summary has 8 columns but 9 values were supplied error code: 0 SQL State: null
[23:49:33,492] [ERROR] [SQLiteLogger] - table experiment_summary has 8 columns but 9 values were supplied error code: 0 SQL State: null
[23:49:56,434] [ERROR] [SQLiteLogger] - table experiment_summary has 8 columns but 9 values were supplied error code: 0 SQL State: null
[23:50:09,649] [ERROR] [SQLiteLogger] - table experiment_summary has 8 columns but 9 values were supplied error code: 0 SQL State: null
[23:50:19,418] [ERROR] [SQLiteLogger] - table experiment_summary has 8 columns but 9 values were supplied error code: 0 SQL State: null
[23:50:27,358] [ERROR] [SQLiteLogger] - table experiment_summary has 8 columns but 9 values were supplied error code: 0 SQL State: null
[23:50:33,234] [ERROR] [SQLiteLogger] - table experiment_summary has 8 columns but 9 values were supplied error code: 0 SQL State: null
[23:50:38,120] [ERROR] [SQLiteLogger] - table experiment_summary has 8 columns but 9 values were supplied error code: 0 SQL State: null
[23:50:42,005] [ERROR] [SQLiteLogger] - table experiment_summary has 8 columns but 9 values were supplied error code: 0 SQL State: null
[23:50:45,159] [ERROR] [SQLiteLogger] - table experiment_summary has 8 columns but 9 values were supplied error code: 0 SQL State: null
[23:52:57,655] [INFO] [SQLiteLogger] - closing database connection to ESData.s3db
[23:52:57,655] [INFO] [Initializer] - Done
[23:56:31,846] [INFO] [Initializer] - Initializing
[23:56:31,853] [INFO] [SQLiteLogger] - Using database file: ESData.s3db
[23:56:31,877] [INFO] [SQLiteLogger] - Database is now open
[23:56:31,885] [INFO] [SQLiteLogger] - creating new experiment
[23:56:31,913] [INFO] [Initializer] - New experiment ID: 1019
[23:57:42,487] [ERROR] [SQLiteLogger] - table experiment_summary has 8 columns but 9 values were supplied error code: 0 SQL State: null
[23:58:22,803] [ERROR] [SQLiteLogger] - table experiment_summary has 8 columns but 9 values were supplied error code: 0 SQL State: null
[23:58:45,502] [ERROR] [SQLiteLogger] - table experiment_summary has 8 columns but 9 values were supplied error code: 0 SQL State: null
[23:58:58,326] [ERROR] [SQLiteLogger] - table experiment_summary has 8 columns but 9 values were supplied error code: 0 SQL State: null
[23:59:07,714] [ERROR] [SQLiteLogger] - table experiment_summary has 8 columns but 9 values were supplied error code: 0 SQL State: null
[23:59:15,354] [ERROR] [SQLiteLogger] - table experiment_summary has 8 columns but 9 values were supplied error code: 0 SQL State: null
[23:59:21,075] [ERROR] [SQLiteLogger] - table experiment_summary has 8 columns but 9 values were supplied error code: 0 SQL State: null
[23:59:25,842] [ERROR] [SQLiteLogger] - table experiment_summary has 8 columns but 9 values were supplied error code: 0 SQL State: null
[23:59:29,575] [ERROR] [SQLiteLogger] - table experiment_summary has 8 columns but 9 values were supplied error code: 0 SQL State: null
[23:59:32,773] [ERROR] [SQLiteLogger] - table experiment_summary has 8 columns but 9 values were supplied error code: 0 SQL State: null
[00:00:20,515] [INFO] [SQLiteLogger] - closing database connection to ESData.s3db
[00:00:20,515] [INFO] [Initializer] - Done
[00:07:28,495] [INFO] [Initializer] - Initializing
[00:07:28,502] [INFO] [SQLiteLogger] - Using database file: ESData.s3db
[00:07:28,525] [INFO] [SQLiteLogger] - Database is now open
[00:07:28,534] [INFO] [SQLiteLogger] - creating new experiment
[00:07:28,548] [INFO] [Initializer] - New experiment ID: 1020
[00:08:38,998] [ERROR] [SQLiteLogger] - table experiment_summary has 8 columns but 9 values were supplied error code: 0 SQL State: null
[00:09:19,045] [ERROR] [SQLiteLogger] - table experiment_summary has 8 columns but 9 values were supplied error code: 0 SQL State: null
[00:09:41,709] [ERROR] [SQLiteLogger] - table experiment_summary has 8 columns but 9 values were supplied error code: 0 SQL State: null
[00:09:54,546] [ERROR] [SQLiteLogger] - table experiment_summary has 8 columns but 9 values were supplied error code: 0 SQL State: null
[00:10:03,930] [ERROR] [SQLiteLogger] - table experiment_summary has 8 columns but 9 values were supplied error code: 0 SQL State: null
[00:10:11,481] [ERROR] [SQLiteLogger] - table experiment_summary has 8 columns but 9 values were supplied error code: 0 SQL State: null
[00:10:17,239] [ERROR] [SQLiteLogger] - table experiment_summary has 8 columns but 9 values were supplied error code: 0 SQL State: null
[00:10:22,035] [ERROR] [SQLiteLogger] - table experiment_summary has 8 columns but 9 values were supplied error code: 0 SQL State: null
[00:10:25,740] [ERROR] [SQLiteLogger] - table experiment_summary has 8 columns but 9 values were supplied error code: 0 SQL State: null
[00:10:28,898] [ERROR] [SQLiteLogger] - table experiment_summary has 8 columns but 9 values were supplied error code: 0 SQL State: null
[01:13:29,414] [ERROR] [Initializer] - Input/output error
[01:13:29,415] [ERROR] [Initializer] - 
[01:13:29,430] [ERROR] [Initializer] - 
